[2026-06-14 16:10:20] [START] Приложение запущено
[2026-06-14 16:16:52] [START] Приложение запущено
[2026-06-14 16:20:42] [START] Приложение запущено
[2026-06-14 16:20:46] [EXIT] Приложение завершено
[2026-06-14 16:21:11] [START] Приложение запущено
[2026-06-14 16:21:23] [READ] Запрос списка клиентов
[2026-06-14 16:21:26] [READ] Запрос всех данных из БД
[2026-06-14 16:21:26] [EXIT] Приложение завершено
[2026-06-14 16:21:47] [START] Приложение запущено
[2026-06-14 16:23:29] [START] Приложение запущено
[2026-06-14 16:23:36] [DELETE] Удалён менеджер id=0
[2026-06-14 16:23:45] [READ] Запрос списка клиентов
[2026-06-14 16:23:49] [ADD] Добавлен клиент id=7, имя=7
[2026-06-14 16:23:54] [UPDATE] Обновлён клиент id=7, имя=7
[2026-06-14 16:24:00] [DELETE] Удалён автомобиль id=1
[2026-06-14 16:24:02] [EXIT] Приложение завершено
[2026-06-14 16:27:31] [START] Приложение запущено
[2026-06-14 16:45:50] [START] Приложение запущено
[2026-06-14 16:45:54] [READ] Запрос списка клиентов
[2026-06-14 16:45:59] [READ] Запрос списка автомобилей
[2026-06-14 16:46:05] [READ] Запрос списка менеджеров
[2026-06-14 16:46:10] [READ] Запрос списка тест-драйвов
[2026-06-14 16:46:12] [READ] Запрос всех данных из БД
[2026-06-14 16:46:21] [READ] Запрос всех данных из БД
[2026-06-14 16:46:24] [REPORT] Запущена генерация асинхронного отчёта
[2026-06-14 16:46:24] [REPORT] Отчёт готов: клиентов=2, авто=1, заказов=1, выручка=230000.00
[2026-06-14 16:50:11] [START] Приложение запущено
[2026-06-14 16:51:10] [START] Приложение запущено
[2026-06-14 16:51:16] [READ] Запрос списка клиентов
[2026-06-14 16:51:20] [READ] Запрос всех данных из БД
[2026-06-14 16:51:23] [REPORT] Запущена генерация асинхронного отчёта
[2026-06-14 16:51:24] [REPORT] Отчёт готов: клиентов=2, авто=1, заказов=1, выручка=230000.00
[2026-06-14 16:51:52] [START] Приложение запущено
[2026-06-14 16:51:57] [REPORT] Запущена генерация асинхронного отчёта
[2026-06-14 16:51:58] [REPORT] Отчёт готов: клиентов=2, авто=1, заказов=1, выручка=230000.00
[2026-06-15 11:53:06] [START] Приложение запущено
[2026-06-15 11:53:14] [REPORT] Запущена генерация асинхронного отчёта
[2026-06-15 11:53:14] [REPORT] Отчёт готов: клиентов=2, авто=1, заказов=1, выручка=230000.00
